[debug] [2022-11-04T17:15:11.727Z] ----------------------------------------------------------------------
[debug] [2022-11-04T17:15:11.735Z] Command:       C:\Program Files\nodejs\node.exe C:\Users\praveen vuddagiri\AppData\Roaming\npm\node_modules\firebase-tools\lib\bin\firebase.js init
[debug] [2022-11-04T17:15:11.737Z] CLI Version:   11.15.0
[debug] [2022-11-04T17:15:11.738Z] Platform:      win32
[debug] [2022-11-04T17:15:11.738Z] Node Version:  v16.18.0
[debug] [2022-11-04T17:15:11.949Z] Time:          Fri Nov 04 2022 22:45:11 GMT+0530 (India Standard Time)
[debug] [2022-11-04T17:15:11.951Z] ----------------------------------------------------------------------
[debug] 
[debug] [2022-11-04T17:15:11.992Z] >>> [apiv2][query] GET https://firebase-public.firebaseio.com/cli.json [none]
[debug] [2022-11-04T17:15:12.113Z] > command requires scopes: ["email","openid","https://www.googleapis.com/auth/cloudplatformprojects.readonly","https://www.googleapis.com/auth/firebase","https://www.googleapis.com/auth/cloud-platform"]
[debug] [2022-11-04T17:15:12.114Z] > authorizing via signed-in user (vuddagiripraveen@gmail.com)
[info] 
     ######## #### ########  ######## ########     ###     ######  ########
     ##        ##  ##     ## ##       ##     ##  ##   ##  ##       ##
     ######    ##  ########  ######   ########  #########  ######  ######
     ##        ##  ##    ##  ##       ##     ## ##     ##       ## ##
     ##       #### ##     ## ######## ########  ##     ##  ######  ########

You're about to initialize a Firebase project in this directory:

  D:\praveen\New folder\webpages\react\whatsapp-mern\whatsapp-clone

[debug] [2022-11-04T17:15:12.959Z] <<< [apiv2][status] GET https://firebase-public.firebaseio.com/cli.json 200
[debug] [2022-11-04T17:15:12.961Z] <<< [apiv2][body] GET https://firebase-public.firebaseio.com/cli.json {"cloudBuildErrorAfter":1594252800000,"cloudBuildWarnAfter":1590019200000,"defaultNode10After":1594252800000,"minVersion":"3.0.5","node8DeploysDisabledAfter":1613390400000,"node8RuntimeDisabledAfter":1615809600000,"node8WarnAfter":1600128000000}
[info] 
=== Project Setup
[info] 
[info] First, let's associate this project directory with a Firebase project.
[info] You can create multiple project aliases by running firebase use --add, 
[info] but for now we'll just set up a default project.
[info] 
[debug] [2022-11-04T17:15:40.338Z] > refreshing access token with scopes: []
[debug] [2022-11-04T17:15:40.340Z] >>> [apiv2][query] POST https://www.googleapis.com/oauth2/v3/token [none]
[debug] [2022-11-04T17:15:40.340Z] >>> [apiv2][body] POST https://www.googleapis.com/oauth2/v3/token [omitted]
[debug] [2022-11-04T17:15:40.689Z] <<< [apiv2][status] POST https://www.googleapis.com/oauth2/v3/token 200
[debug] [2022-11-04T17:15:40.690Z] <<< [apiv2][body] POST https://www.googleapis.com/oauth2/v3/token [omitted]
[debug] [2022-11-04T17:15:40.832Z] >>> [apiv2][query] GET https://firebase.googleapis.com/v1beta1/projects pageSize=100
[debug] [2022-11-04T17:15:41.956Z] <<< [apiv2][status] GET https://firebase.googleapis.com/v1beta1/projects 200
[debug] [2022-11-04T17:15:41.956Z] <<< [apiv2][body] GET https://firebase.googleapis.com/v1beta1/projects [omitted]
[info] i  Using project whatsapp-mern-234ac (whatsapp-mern) 
[info] 
=== Hosting Setup
[info] 
[info] Your public directory is the folder (relative to your project directory) that
[info] will contain Hosting assets to be uploaded with firebase deploy. If you
[info] have a build process for your assets, use your build's output directory.
[info] 
[debug] [2022-11-04T17:15:50.105Z] >>> [apiv2][query] GET https://www.gstatic.com/firebasejs/releases.json [none]
[debug] [2022-11-04T17:15:50.280Z] <<< [apiv2][status] GET https://www.gstatic.com/firebasejs/releases.json 200
[debug] [2022-11-04T17:15:50.280Z] <<< [apiv2][body] GET https://www.gstatic.com/firebasejs/releases.json {"current":{"version":"9.13.0","browserURL":"https://www.gstatic.com/firebasejs/9.13.0/firebase.js","packageURL":"https://www.gstatic.com/firebasejs/9.13.0/firebase.tgz"},"live":{"version":"9.13","browserURL":"https://www.gstatic.com/firebasejs/live/9.13/firebase.js","packageURL":"https://www.gstatic.com/firebasejs/live/9.13/firebase.tgz"},"components":{"analytics":"https://www.gstatic.com/firebasejs/9.13.0/firebase-analytics.js","app":"https://www.gstatic.com/firebasejs/9.13.0/firebase-app.js","app-check":"https://www.gstatic.com/firebasejs/9.13.0/firebase-app-check.js","auth":"https://www.gstatic.com/firebasejs/9.13.0/firebase-auth.js","auth/cordova":"https://www.gstatic.com/firebasejs/9.13.0/firebase-auth/cordova.js","auth/react-native":"https://www.gstatic.com/firebasejs/9.13.0/firebase-auth/react-native.js","functions":"https://www.gstatic.com/firebasejs/9.13.0/firebase-functions.js","firestore":"https://www.gstatic.com/firebasejs/9.13.0/firebase-firestore.js","firestore/lite":"https://www.gstatic.com/firebasejs/9.13.0/firebase-firestore/lite.js","installations":"https://www.gstatic.com/firebasejs/9.13.0/firebase-installations.js","storage":"https://www.gstatic.com/firebasejs/9.13.0/firebase-storage.js","performance":"https://www.gstatic.com/firebasejs/9.13.0/firebase-performance.js","remote-config":"https://www.gstatic.com/firebasejs/9.13.0/firebase-remote-config.js","messaging":"https://www.gstatic.com/firebasejs/9.13.0/firebase-messaging.js","messaging/sw":"https://www.gstatic.com/firebasejs/9.13.0/firebase-messaging/sw.js","database":"https://www.gstatic.com/firebasejs/9.13.0/firebase-database.js","firestore.memory":"https://www.gstatic.com/firebasejs/9.13.0/firebase-firestore.memory.js"}}
[info] +  Wrote build/index.html 
[info] 
[info] i  Detected a .git folder at D:\praveen\New folder\webpages\react\whatsapp-mern\whatsapp-clone 
[info] i  Authorizing with GitHub to upload your service account to a GitHub repository's secrets store. 
[info] 
[info] Visit this URL on this device to log in:
[info] https://github.com/login/oauth/authorize?client_id=89cf50f02ac6aaed3484&state=773107421&redirect_uri=http%3A%2F%2Flocalhost%3A9005&scope=read%3Auser%20repo%20public_repo
[info] 
[info] Waiting for authentication...
[debug] [2022-11-04T17:15:58.427Z] >>> [apiv2][query] POST https://github.com/login/oauth/access_token [none]
[debug] [2022-11-04T17:15:58.428Z] >>> [apiv2][body] POST https://github.com/login/oauth/access_token [stream]
[debug] [2022-11-04T17:15:59.119Z] <<< [apiv2][status] POST https://github.com/login/oauth/access_token 200
[debug] [2022-11-04T17:15:59.119Z] <<< [apiv2][body] POST https://github.com/login/oauth/access_token {"access_token":"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","token_type":"bearer","scope":"read:user,repo"}
[debug] [2022-11-04T17:15:59.215Z] >>> [apiv2][query] GET https://api.github.com/user [none]
[debug] [2022-11-04T17:15:59.727Z] <<< [apiv2][status] GET https://api.github.com/user 200
[debug] [2022-11-04T17:15:59.728Z] <<< [apiv2][body] GET https://api.github.com/user {"login":"Praveenvuddagiri","id":71907901,"node_id":"MDQ6VXNlcjcxOTA3OTAx","avatar_url":"https://avatars.githubusercontent.com/u/71907901?v=4","gravatar_id":"","url":"https://api.github.com/users/Praveenvuddagiri","html_url":"https://github.com/Praveenvuddagiri","followers_url":"https://api.github.com/users/Praveenvuddagiri/followers","following_url":"https://api.github.com/users/Praveenvuddagiri/following{/other_user}","gists_url":"https://api.github.com/users/Praveenvuddagiri/gists{/gist_id}","starred_url":"https://api.github.com/users/Praveenvuddagiri/starred{/owner}{/repo}","subscriptions_url":"https://api.github.com/users/Praveenvuddagiri/subscriptions","organizations_url":"https://api.github.com/users/Praveenvuddagiri/orgs","repos_url":"https://api.github.com/users/Praveenvuddagiri/repos","events_url":"https://api.github.com/users/Praveenvuddagiri/events{/privacy}","received_events_url":"https://api.github.com/users/Praveenvuddagiri/received_events","type":"User","site_admin":false,"name":"Praveen Vuddagiri","company":null,"blog":"","location":null,"email":null,"hireable":null,"bio":null,"twitter_username":null,"public_repos":12,"public_gists":0,"followers":1,"following":2,"created_at":"2020-09-25T22:55:44Z","updated_at":"2022-10-26T13:18:31Z","private_gists":0,"total_private_repos":4,"owned_private_repos":4,"disk_usage":88971,"collaborators":0,"two_factor_authentication":false,"plan":{"name":"pro","space":976562499,"collaborators":0,"private_repos":9999}}
[info] 
[info] +  Success! Logged into GitHub as Praveenvuddagiri 
[info] 
